AUTH_TYPE=Basic
CONTENT_LENGTH=306
CONTENT_TYPE=multipart/form-data; boundary=----WebKitFormBoundarydJ0WKftg6zBB46rp
GATEWAY_INTERFACE=CGI/1.1
LC_CTYPE=C.UTF-8
PATH_INFO=www/upload.py
PATH_TRANSLATED=/Users/tumolabs/Desktop/42-2022/webserv/www/upload.py
QUERY_STRING=
REDIRECT_STATUS=true
REMOTE_ADDR=127.0.0.1
REMOTE_HOST=127.0.0.1:8000
REMOTE_USER=/Users/tumolabs/Desktop/42-2022/webserv
REQUEST_METHOD=POST
SCRIPT_FILENAME=/Users/tumolabs/Desktop/42-2022/webserv/www/upload.py
SCRIPT_NAME=www/upload.py
SERVER_NAME=web_serv
SERVER_PORT=8000
SERVER_PROTOCOL=HTTP/1.1
SERVER_SOFTWARE=Web_serv
SERVER_WRITE_PATH=/upload/
UPLOAD_DIR=/upload/
